<?xml version="1.0" encoding="UTF-8"?>
<!-- Generated by org.testng.reporters.JUnitReportReporter -->
<testsuite hostname="shravan" failures="0" tests="1" name="testNG_testcases.Parallel_Class" time="28.131" errors="0" timestamp="2022-02-08T10:37:32 IST" skipped="0">
  <testcase classname="testNG_testcases.Parallel_Class" name="google" time="28.131"/>
  <system-out>
    <![CDATA[done]]>
  </system-out>
</testsuite> <!-- testNG_testcases.Parallel_Class -->
