<?xml version="1.0" encoding="UTF-8"?>
<!-- Generated by org.testng.reporters.JUnitReportReporter -->
<testsuite hostname="shravan" failures="0" tests="2" name="testNG_testcases.Addddd" time="17.124" errors="0" timestamp="2022-02-09T12:46:45 IST" skipped="0">
  <testcase classname="testNG_testcases.Addddd" name="t" time="8.749"/>
  <system-out/>
  <testcase classname="testNG_testcases.Addddd" name="a" time="8.375"/>
  <system-out/>
</testsuite> <!-- testNG_testcases.Addddd -->
