<?xml version="1.0" encoding="UTF-8"?>
<!-- Generated by org.testng.reporters.JUnitReportReporter -->
<testsuite hostname="shravan" failures="0" tests="2" name="testNG_testcases.Testing_Multi" time="34.797" errors="0" timestamp="2022-02-05T11:41:51 IST" skipped="0">
  <testcase classname="testNG_testcases.Testing_Multi" name="tc" time="17.522"/>
  <system-out>
    <![CDATA[tc]]>
  </system-out>
  <testcase classname="testNG_testcases.Testing_Multi" name="tc1" time="17.275"/>
  <system-out>
    <![CDATA[tc1]]>
  </system-out>
</testsuite> <!-- testNG_testcases.Testing_Multi -->
