<?xml version="1.0" encoding="UTF-8"?>
<!-- Generated by org.testng.reporters.JUnitReportReporter -->
<testsuite hostname="shravan" failures="0" tests="3" name="testNG_testcases.Priority_Testcase" time="24.684" errors="0" timestamp="2022-02-07T10:58:12 IST" skipped="0">
  <testcase classname="testNG_testcases.Priority_Testcase" name="gmail" time="12.283"/>
  <system-out/>
  <testcase classname="testNG_testcases.Priority_Testcase" name="fb" time="6.644"/>
  <system-out/>
  <testcase classname="testNG_testcases.Priority_Testcase" name="g" time="5.757"/>
  <system-out/>
</testsuite> <!-- testNG_testcases.Priority_Testcase -->
