<?xml version="1.0" encoding="UTF-8"?>
<!-- Generated by org.testng.reporters.JUnitReportReporter -->
<testsuite hostname="shravan" failures="0" tests="3" name="testNG_testcases.Parallel_Browser" time="23.312" errors="0" timestamp="2022-03-07T19:09:47 IST" skipped="0">
  <testcase classname="testNG_testcases.Parallel_Browser" name="gmail" time="7.011"/>
  <system-out>
    <![CDATA[done]]>
  </system-out>
  <testcase classname="testNG_testcases.Parallel_Browser" name="fb" time="8.029"/>
  <system-out>
    <![CDATA[done]]>
  </system-out>
  <testcase classname="testNG_testcases.Parallel_Browser" name="google" time="8.272"/>
  <system-out>
    <![CDATA[done]]>
  </system-out>
</testsuite> <!-- testNG_testcases.Parallel_Browser -->
