<?xml version="1.0" encoding="UTF-8"?>
<!-- Generated by org.testng.reporters.JUnitReportReporter -->
<testsuite hostname="shravan" failures="0" tests="3" name="testNG_testcases.DemoDP" time="0.016" errors="0" timestamp="2022-02-09T16:06:30 IST" skipped="0">
  <testcase classname="testNG_testcases.DemoDP" name="tc" time="0.004"/>
  <system-out>
    <![CDATA[UserB B]]>
  </system-out>
  <testcase classname="testNG_testcases.DemoDP" name="tc" time="0.002"/>
  <system-out>
    <![CDATA[UserC C]]>
  </system-out>
  <testcase classname="testNG_testcases.DemoDP" name="tc" time="0.010"/>
  <system-out>
    <![CDATA[UserA A]]>
  </system-out>
</testsuite> <!-- testNG_testcases.DemoDP -->
