<?xml version="1.0" encoding="UTF-8"?>
<!-- Generated by org.testng.reporters.JUnitReportReporter -->
<testsuite skipped="1" hostname="shravan" name="testNG_testcases.Demo_Retesting2" tests="4" failures="0" timestamp="2022-02-22T09:05:32 IST" time="51.386" errors="0">
  <testcase name="tc_1" time="27.217" classname="testNG_testcases.Demo_Retesting2"/>
  <system-out/>
  <testcase name="tc_1" time="10.166" classname="testNG_testcases.Demo_Retesting2"/>
  <system-out/>
  <testcase name="tc_4" time="14.003" classname="testNG_testcases.Demo_Retesting2"/>
  <system-out/>
  <testcase name="tc_3" classname="testNG_testcases.Demo_Retesting2">
    <skipped/>
  </testcase> <!-- tc_3 -->
  <system-out/>
</testsuite> <!-- testNG_testcases.Demo_Retesting2 -->
