<?xml version="1.0" encoding="UTF-8"?>
<!-- Generated by org.testng.reporters.JUnitReportReporter -->
<testsuite hostname="shravan" failures="0" tests="2" name="testNG_Practice.CrossBrowser" time="46.200" errors="0" timestamp="2022-02-09T15:25:42 IST" skipped="0">
  <testcase classname="testNG_Practice.CrossBrowser" name="tc" time="26.027"/>
  <system-out/>
  <testcase classname="testNG_Practice.CrossBrowser" name="tc" time="20.173"/>
  <system-out/>
</testsuite> <!-- testNG_Practice.CrossBrowser -->
