<?xml version="1.0" encoding="UTF-8"?>
<!-- Generated by org.testng.reporters.JUnitReportReporter -->
<testsuite hostname="shravan" failures="0" tests="1" name="testNG_testcases.Demo_Annotations" time="0.004" errors="0" timestamp="2022-02-08T10:37:32 IST" skipped="0">
  <testcase classname="testNG_testcases.Demo_Annotations" name="test" time="0.004"/>
  <system-out>
    <![CDATA[test]]>
  </system-out>
</testsuite> <!-- testNG_testcases.Demo_Annotations -->
