<?xml version="1.0" encoding="UTF-8"?>
<!-- Generated by org.testng.reporters.JUnitReportReporter -->
<testsuite hostname="shravan" failures="0" tests="6" name="testNG_testcases.Dependency_Groups" time="0.017" errors="0" timestamp="2022-02-09T13:45:04 IST" skipped="0">
  <testcase classname="testNG_testcases.Dependency_Groups" name="tc_02f" time="0.002"/>
  <system-out>
    <![CDATA[F2]]>
  </system-out>
  <testcase classname="testNG_testcases.Dependency_Groups" name="tc_01S" time="0.002"/>
  <system-out>
    <![CDATA[S1]]>
  </system-out>
  <testcase classname="testNG_testcases.Dependency_Groups" name="tc_03f" time="0.002"/>
  <system-out>
    <![CDATA[F3]]>
  </system-out>
  <testcase classname="testNG_testcases.Dependency_Groups" name="tc_01I" time="0.001"/>
  <system-out>
    <![CDATA[I1]]>
  </system-out>
  <testcase classname="testNG_testcases.Dependency_Groups" name="tc_02I" time="0.001"/>
  <system-out>
    <![CDATA[I2]]>
  </system-out>
  <testcase classname="testNG_testcases.Dependency_Groups" name="tc_01f" time="0.009"/>
  <system-out>
    <![CDATA[F1]]>
  </system-out>
</testsuite> <!-- testNG_testcases.Dependency_Groups -->
