<?xml version="1.0" encoding="UTF-8"?>
<!-- Generated by org.testng.reporters.JUnitReportReporter -->
<testsuite hostname="shravan" failures="0" tests="1" name="testNG_testcases.Validate_Actitime" time="22.338" errors="0" timestamp="2022-02-05T12:15:07 IST" skipped="0">
  <testcase classname="testNG_testcases.Validate_Actitime" name="testcase1" time="22.338"/>
  <system-out/>
</testsuite> <!-- testNG_testcases.Validate_Actitime -->
